<?xml version="1.0" encoding="UTF-8"?>
<!-- Generated by org.testng.reporters.JUnitXMLReporter -->
<testsuite ignored="0" hostname="Rocky" failures="0" tests="3" name="Default test" time="47.365" errors="0" timestamp="2023-06-19T08:55:37 IST">
  <testcase classname="com.demowebshop.testscript.LoginTest" name="verifyInvalidLoginErrorMessage" time="2.842"/>
  <testcase classname="com.demowebshop.testscript.LoginTest" name="verifyInvalidLoginErrorMessage" time="2.583"/>
  <testcase classname="com.demowebshop.testscript.LoginTest" name="verifyInvalidLoginErrorMessage" time="1.655"/>
</testsuite> <!-- Default test -->
