<?xml version="1.0" encoding="UTF-8"?>
<!-- Generated by org.testng.reporters.JUnitXMLReporter -->
<testsuite ignored="0" hostname="Rocky" failures="0" tests="3" name="Firefox Test" time="45.968" errors="0" timestamp="2023-06-22T08:05:45 IST">
  <testcase classname="com.demowebshop.testscript.LoginTest" name="tc_002_verifyInvalidLoginErrorMessage" time="1.365"/>
  <testcase classname="com.demowebshop.testscript.LoginTest" name="tc_002_verifyInvalidLoginErrorMessage" time="1.494"/>
  <testcase classname="com.demowebshop.testscript.LoginTest" name="tc_002_verifyInvalidLoginErrorMessage" time="1.256"/>
</testsuite> <!-- Firefox Test -->
