<?xml version="1.0" encoding="UTF-8"?>
<!-- Generated by org.testng.reporters.JUnitXMLReporter -->
<testsuite ignored="1" hostname="Rocky" failures="0" tests="4" name="Functional Test" time="75.08" errors="0" timestamp="2023-06-22T22:00:59 IST">
  <testcase classname="com.demowebshop.testscript.HomeTest" name="tc_001_verifySubcribeEmailMessage" time="22.117"/>
  <testcase classname="com.demowebshop.testscript.LoginTest" name="tc_002_verifyInvalidLoginErrorMessage" time="2.031"/>
  <testcase classname="com.demowebshop.testscript.LoginTest" name="tc_002_verifyInvalidLoginErrorMessage" time="3.168"/>
  <testcase classname="com.demowebshop.testscript.LoginTest" name="tc_002_verifyInvalidLoginErrorMessage" time="1.946"/>
  <testcase classname="com.demowebshop.automationcore.Base" name="@BeforeSuite setExtent" time="0.0">
    <ignored/>
  </testcase> <!-- @BeforeSuite setExtent -->
</testsuite> <!-- Functional Test -->
