<?xml version="1.0" encoding="UTF-8"?>
<!-- Generated by org.testng.reporters.JUnitXMLReporter -->
<testsuite ignored="0" hostname="Rocky" failures="0" tests="4" name="parameter testing- grouping" time="69.759" errors="0" timestamp="2023-06-23T07:16:21 IST">
  <testcase classname="com.demowebshop.testscript.HomeTest" name="tc_001_verifySubcribeEmailMessage" time="21.086"/>
  <testcase classname="com.demowebshop.testscript.LoginTest" name="tc_002_verifyInvalidLoginErrorMessage" time="1.712"/>
  <testcase classname="com.demowebshop.testscript.LoginTest" name="tc_002_verifyInvalidLoginErrorMessage" time="1.513"/>
  <testcase classname="com.demowebshop.testscript.LoginTest" name="tc_002_verifyInvalidLoginErrorMessage" time="1.702"/>
</testsuite> <!-- parameter testing- grouping -->
