<?xml version="1.0" encoding="UTF-8"?>
<testng-results ignored="0" total="1" passed="1" failed="0" skipped="0">
  <reporter-output>
  </reporter-output>
  <suite started-at="2023-06-23T07:31:28 IST" name="Parallel Testing" finished-at="2023-06-23T07:31:59 IST" duration-ms="31036">
    <groups>
      <group name="Regression">
        <method signature="HomeTest.tc_001_verifySubcribeEmailMessage()[pri:1, instance:com.demowebshop.testscript.HomeTest@55b53d44]" name="tc_001_verifySubcribeEmailMessage" class="com.demowebshop.testscript.HomeTest"/>
      </group> <!-- Regression -->
    </groups>
    <test started-at="2023-06-23T07:31:28 IST" name="Functional Test" finished-at="2023-06-23T07:31:59 IST" duration-ms="31036">
      <class name="com.demowebshop.testscript.HomeTest">
        <test-method is-config="true" signature="setExtent(org.testng.ITestContext)[pri:0, instance:com.demowebshop.testscript.HomeTest@55b53d44]" started-at="2023-06-23T07:31:28 IST" name="setExtent" finished-at="2023-06-23T07:31:28 IST" duration-ms="20" status="PASS">
          <params>
            <param index="0">
              <value>
                <![CDATA[org.testng.TestRunner@55634720]]>
              </value>
            </param>
          </params>
          <reporter-output>
          </reporter-output>
        </test-method> <!-- setExtent -->
        <test-method is-config="true" signature="setUP(java.lang.String)[pri:0, instance:com.demowebshop.testscript.HomeTest@55b53d44]" started-at="2023-06-23T07:31:28 IST" name="setUP" finished-at="2023-06-23T07:31:38 IST" duration-ms="9932" status="PASS">
          <params>
            <param index="0">
              <value>
                <![CDATA[chrome]]>
              </value>
            </param>
          </params>
          <reporter-output>
          </reporter-output>
        </test-method> <!-- setUP -->
        <test-method signature="tc_001_verifySubcribeEmailMessage()[pri:1, instance:com.demowebshop.testscript.HomeTest@55b53d44]" started-at="2023-06-23T07:31:38 IST" name="tc_001_verifySubcribeEmailMessage" description="tc_001_verify Subcribe Email Message" finished-at="2023-06-23T07:31:59 IST" duration-ms="20949" status="PASS">
          <reporter-output>
          </reporter-output>
        </test-method> <!-- tc_001_verifySubcribeEmailMessage -->
        <test-method is-config="true" signature="tearDown(org.testng.ITestResult)[pri:0, instance:com.demowebshop.testscript.HomeTest@55b53d44]" started-at="2023-06-23T07:31:59 IST" name="tearDown" finished-at="2023-06-23T07:31:59 IST" duration-ms="119" status="PASS">
          <params>
            <param index="0">
              <value>
                <![CDATA[[TestResult name=tc_001_verifySubcribeEmailMessage status=SUCCESS method=HomeTest.tc_001_verifySubcribeEmailMessage()[pri:1, instance:com.demowebshop.testscript.HomeTest@55b53d44] output={null}]]]>
              </value>
            </param>
          </params>
          <reporter-output>
          </reporter-output>
        </test-method> <!-- tearDown -->
      </class> <!-- com.demowebshop.testscript.HomeTest -->
    </test> <!-- Functional Test -->
  </suite> <!-- Parallel Testing -->
</testng-results>
